0 info it worked if it ends with ok
1 verbose cli [ '/opt/nodes/4.3.2/bin/node',
1 verbose cli   '/opt/boxen/nodenv/versions/4.3.2/bin/npm',
1 verbose cli   'start' ]
2 info using npm@3.8.9
3 info using node@v4.3.2
4 verbose run-script [ 'prestart', 'start', 'poststart' ]
5 info lifecycle coloring-pages-skill@1.0.0~prestart: coloring-pages-skill@1.0.0
6 silly lifecycle coloring-pages-skill@1.0.0~prestart: no script for prestart, continuing
7 info lifecycle coloring-pages-skill@1.0.0~start: coloring-pages-skill@1.0.0
8 verbose lifecycle coloring-pages-skill@1.0.0~start: unsafe-perm in lifecycle true
9 verbose lifecycle coloring-pages-skill@1.0.0~start: PATH: /opt/nodes/4.3.2/lib/node_modules/npm/bin/node-gyp-bin:/Users/jidonoso/src/coloring-pages-skill/node_modules/.bin:/opt/nodes/4.3.2/bin:/opt/boxen/nodenv/versions/4.3.2/bin:/opt/boxen/nodenv/libexec:/opt/boxen/nodenv/plugins/nodenv-vars/bin:/opt/boxen/nodenv/plugins/nodenv-package-rehash/bin:/Library/Frameworks/Python.framework/Versions/3.5/bin:bin:/opt/boxen/rbenv/shims:/opt/boxen/rbenv/bin:/opt/boxen/ruby-build/bin:/opt/boxen/nodenv/shims:/opt/boxen/nodenv/bin:/opt/boxen/node-build/bin:/opt/boxen/homebrew/bin:/opt/boxen/homebrew/sbin:/opt/boxen/bin:/usr/local/bin:/usr/bin:/bin:/usr/sbin:/sbin:/Users/jidonoso/.Renv/shims:/Users/jidonoso/.Renv/bin:.git/safe/../../bin:/Users/jidonoso/.bin:/usr/local/sbin:/Users/jidonoso/go/bin
10 verbose lifecycle coloring-pages-skill@1.0.0~start: CWD: /Users/jidonoso/src/coloring-pages-skill
11 silly lifecycle coloring-pages-skill@1.0.0~start: Args: [ '-c',
11 silly lifecycle   'tsc && cd build && node-lambda run --eventFile ../event.json --contextFile ../context.json --configFile ../.env.local' ]
12 silly lifecycle coloring-pages-skill@1.0.0~start: Returned: code: 7  signal: null
13 info lifecycle coloring-pages-skill@1.0.0~start: Failed to exec start script
14 verbose stack Error: coloring-pages-skill@1.0.0 start: `tsc && cd build && node-lambda run --eventFile ../event.json --contextFile ../context.json --configFile ../.env.local`
14 verbose stack Exit status 7
14 verbose stack     at EventEmitter.<anonymous> (/opt/nodes/4.3.2/lib/node_modules/npm/lib/utils/lifecycle.js:245:16)
14 verbose stack     at emitTwo (events.js:87:13)
14 verbose stack     at EventEmitter.emit (events.js:172:7)
14 verbose stack     at ChildProcess.<anonymous> (/opt/nodes/4.3.2/lib/node_modules/npm/lib/utils/spawn.js:24:14)
14 verbose stack     at emitTwo (events.js:87:13)
14 verbose stack     at ChildProcess.emit (events.js:172:7)
14 verbose stack     at maybeClose (internal/child_process.js:821:16)
14 verbose stack     at Process.ChildProcess._handle.onexit (internal/child_process.js:211:5)
15 verbose pkgid coloring-pages-skill@1.0.0
16 verbose cwd /Users/jidonoso/src/coloring-pages-skill/src/coloring-pages
17 error Darwin 16.1.0
18 error argv "/opt/nodes/4.3.2/bin/node" "/opt/boxen/nodenv/versions/4.3.2/bin/npm" "start"
19 error node v4.3.2
20 error npm  v3.8.9
21 error code ELIFECYCLE
22 error coloring-pages-skill@1.0.0 start: `tsc && cd build && node-lambda run --eventFile ../event.json --contextFile ../context.json --configFile ../.env.local`
22 error Exit status 7
23 error Failed at the coloring-pages-skill@1.0.0 start script 'tsc && cd build && node-lambda run --eventFile ../event.json --contextFile ../context.json --configFile ../.env.local'.
23 error Make sure you have the latest version of node.js and npm installed.
23 error If you do, this is most likely a problem with the coloring-pages-skill package,
23 error not with npm itself.
23 error Tell the author that this fails on your system:
23 error     tsc && cd build && node-lambda run --eventFile ../event.json --contextFile ../context.json --configFile ../.env.local
23 error You can get information on how to open an issue for this project with:
23 error     npm bugs coloring-pages-skill
23 error Or if that isn't available, you can get their info via:
23 error     npm owner ls coloring-pages-skill
23 error There is likely additional logging output above.
24 verbose exit [ 1, true ]
